<?xml version="1.0" encoding="UTF-8"?>
<coverage generated="1543573464006" clover="3.2.0">
  <project timestamp="1543573464006" name="All files">
    <metrics statements="156" coveredstatements="155" conditionals="43" coveredconditionals="41" methods="31" coveredmethods="31" elements="230" coveredelements="227" complexity="0" loc="156" ncloc="156" packages="3" files="13" classes="13">
      <package name="algorithms.sorting">
        <metrics statements="109" coveredstatements="109" conditionals="36" coveredconditionals="36" methods="20" coveredmethods="20"/>
        <file name="bubbleSort.js" path="D:\Mine\github\js-practice\src\algorithms\sorting\bubbleSort.js">
          <metrics statements="6" coveredstatements="6" conditionals="2" coveredconditionals="2" methods="2" coveredmethods="2"/>
          <line num="2" count="292" type="stmt"/>
          <line num="6" count="10" type="stmt"/>
          <line num="7" count="10095" type="stmt"/>
          <line num="8" count="49995807" type="cond" truecount="2" falsecount="0"/>
          <line num="9" count="292" type="stmt"/>
          <line num="13" count="10" type="stmt"/>
        </file>
        <file name="countingSort.js" path="D:\Mine\github\js-practice\src\algorithms\sorting\countingSort.js">
          <metrics statements="13" coveredstatements="13" conditionals="4" coveredconditionals="4" methods="1" coveredmethods="1"/>
          <line num="3" count="10" type="cond" truecount="2" falsecount="0"/>
          <line num="4" count="9" type="stmt"/>
          <line num="5" count="9" type="stmt"/>
          <line num="6" count="9" type="stmt"/>
          <line num="7" count="10095" type="stmt"/>
          <line num="10" count="9" type="stmt"/>
          <line num="11" count="10077" type="cond" truecount="2" falsecount="0"/>
          <line num="12" count="10068" type="stmt"/>
          <line num="15" count="9" type="stmt"/>
          <line num="16" count="9" type="stmt"/>
          <line num="17" count="10095" type="stmt"/>
          <line num="18" count="10095" type="stmt"/>
          <line num="21" count="9" type="stmt"/>
        </file>
        <file name="heapSort.js" path="D:\Mine\github\js-practice\src\algorithms\sorting\heapSort.js">
          <metrics statements="17" coveredstatements="17" conditionals="6" coveredconditionals="6" methods="3" coveredmethods="3"/>
          <line num="2" count="15133" type="stmt"/>
          <line num="3" count="15133" type="stmt"/>
          <line num="4" count="15133" type="stmt"/>
          <line num="6" count="122488" type="cond" truecount="4" falsecount="0"/>
          <line num="7" count="59330" type="stmt"/>
          <line num="10" count="122488" type="cond" truecount="2" falsecount="0"/>
          <line num="12" count="121372" type="stmt"/>
          <line num="13" count="121372" type="stmt"/>
          <line num="14" count="121372" type="stmt"/>
          <line num="16" count="15133" type="stmt"/>
          <line num="20" count="10" type="stmt"/>
          <line num="21" count="5047" type="stmt"/>
          <line num="26" count="10" type="stmt"/>
          <line num="27" count="10" type="stmt"/>
          <line num="28" count="10086" type="stmt"/>
          <line num="29" count="10086" type="stmt"/>
          <line num="31" count="10" type="stmt"/>
        </file>
        <file name="insertionSort.js" path="D:\Mine\github\js-practice\src\algorithms\sorting\insertionSort.js">
          <metrics statements="6" coveredstatements="6" conditionals="2" coveredconditionals="2" methods="2" coveredmethods="2"/>
          <line num="2" count="24924908" type="stmt"/>
          <line num="6" count="11" type="stmt"/>
          <line num="7" count="20095" type="stmt"/>
          <line num="8" count="20095" type="cond" truecount="2" falsecount="0"/>
          <line num="9" count="24924908" type="stmt"/>
          <line num="12" count="11" type="stmt"/>
        </file>
        <file name="mergeSort.js" path="D:\Mine\github\js-practice\src\algorithms\sorting\mergeSort.js">
          <metrics statements="12" coveredstatements="12" conditionals="6" coveredconditionals="6" methods="2" coveredmethods="2"/>
          <line num="2" count="10086" type="stmt"/>
          <line num="3" count="10086" type="cond" truecount="2" falsecount="0"/>
          <line num="4" count="64793" type="cond" truecount="2" falsecount="0"/>
          <line num="5" count="64779" type="stmt"/>
          <line num="7" count="14" type="stmt"/>
          <line num="10" count="10086" type="stmt"/>
          <line num="14" count="20182" type="cond" truecount="2" falsecount="0"/>
          <line num="15" count="10096" type="stmt"/>
          <line num="16" count="10086" type="stmt"/>
          <line num="17" count="10086" type="stmt"/>
          <line num="18" count="10086" type="stmt"/>
          <line num="19" count="10086" type="stmt"/>
        </file>
        <file name="quickSort.js" path="D:\Mine\github\js-practice\src\algorithms\sorting\quickSort.js">
          <metrics statements="18" coveredstatements="18" conditionals="10" coveredconditionals="10" methods="3" coveredmethods="3"/>
          <line num="2" count="85" type="stmt"/>
          <line num="3" count="85" type="stmt"/>
          <line num="4" count="85" type="stmt"/>
          <line num="5" count="85" type="stmt"/>
          <line num="7" count="86" type="cond" truecount="2" falsecount="0"/>
          <line num="8" count="773" type="stmt"/>
          <line num="10" count="86" type="cond" truecount="2" falsecount="0"/>
          <line num="12" count="86" type="cond" truecount="2" falsecount="0"/>
          <line num="13" count="12" type="stmt"/>
          <line num="15" count="86" type="cond" truecount="2" falsecount="0"/>
          <line num="17" count="85" type="stmt"/>
          <line num="18" count="85" type="stmt"/>
          <line num="23" count="179" type="cond" truecount="2" falsecount="0"/>
          <line num="24" count="85" type="stmt"/>
          <line num="25" count="85" type="stmt"/>
          <line num="26" count="85" type="stmt"/>
          <line num="31" count="9" type="stmt"/>
          <line num="32" count="9" type="stmt"/>
        </file>
        <file name="radixSort.js" path="D:\Mine\github\js-practice\src\algorithms\sorting\radixSort.js">
          <metrics statements="15" coveredstatements="15" conditionals="0" coveredconditionals="0" methods="4" coveredmethods="4"/>
          <line num="2" count="24" type="stmt"/>
          <line num="3" count="24" type="stmt"/>
          <line num="4" count="240" type="stmt"/>
          <line num="6" count="24" type="stmt"/>
          <line num="7" count="40155" type="stmt"/>
          <line num="8" count="40155" type="stmt"/>
          <line num="10" count="24" type="stmt"/>
          <line num="14" count="216" type="stmt"/>
          <line num="18" count="10" type="stmt"/>
          <line num="19" count="10" type="stmt"/>
          <line num="20" count="10" type="stmt"/>
          <line num="21" count="24" type="stmt"/>
          <line num="22" count="24" type="stmt"/>
          <line num="23" count="24" type="stmt"/>
          <line num="25" count="10" type="stmt"/>
        </file>
        <file name="selectionSort.js" path="D:\Mine\github\js-practice\src\algorithms\sorting\selectionSort.js">
          <metrics statements="9" coveredstatements="9" conditionals="2" coveredconditionals="2" methods="1" coveredmethods="1"/>
          <line num="2" count="10" type="stmt"/>
          <line num="3" count="10" type="stmt"/>
          <line num="4" count="10095" type="stmt"/>
          <line num="5" count="10095" type="stmt"/>
          <line num="6" count="50005902" type="cond" truecount="2" falsecount="0"/>
          <line num="7" count="11" type="stmt"/>
          <line num="10" count="10095" type="stmt"/>
          <line num="11" count="10095" type="stmt"/>
          <line num="13" count="10" type="stmt"/>
        </file>
        <file name="shellSort.js" path="D:\Mine\github\js-practice\src\algorithms\sorting\shellSort.js">
          <metrics statements="13" coveredstatements="13" conditionals="4" coveredconditionals="4" methods="2" coveredmethods="2"/>
          <line num="2" count="7" type="stmt"/>
          <line num="6" count="10" type="cond" truecount="2" falsecount="0"/>
          <line num="7" count="2" type="stmt"/>
          <line num="8" count="8" type="stmt"/>
          <line num="9" count="8" type="stmt"/>
          <line num="10" count="8" type="stmt"/>
          <line num="11" count="17" type="stmt"/>
          <line num="13" count="8" type="stmt"/>
          <line num="14" count="25" type="stmt"/>
          <line num="15" count="75428" type="cond" truecount="2" falsecount="0"/>
          <line num="16" count="7" type="stmt"/>
          <line num="19" count="25" type="stmt"/>
          <line num="21" count="8" type="stmt"/>
        </file>
      </package>
      <package name="algorithms.sorting.__test__">
        <metrics statements="22" coveredstatements="22" conditionals="0" coveredconditionals="0" methods="3" coveredmethods="3"/>
        <file name="SortTester.js" path="D:\Mine\github\js-practice\src\algorithms\sorting\__test__\SortTester.js">
          <metrics statements="19" coveredstatements="19" conditionals="0" coveredconditionals="0" methods="2" coveredmethods="2"/>
          <line num="2" count="1" type="stmt"/>
          <line num="3" count="1" type="stmt"/>
          <line num="4" count="1" type="stmt"/>
          <line num="5" count="1" type="stmt"/>
          <line num="7" count="1" type="stmt"/>
          <line num="8" count="1" type="stmt"/>
          <line num="9" count="1" type="stmt"/>
          <line num="10" count="10000" type="stmt"/>
          <line num="12" count="1" type="stmt"/>
          <line num="17" count="9" type="stmt"/>
          <line num="18" count="9" type="stmt"/>
          <line num="19" count="9" type="stmt"/>
          <line num="20" count="9" type="stmt"/>
          <line num="21" count="9" type="stmt"/>
          <line num="22" count="9" type="stmt"/>
          <line num="23" count="9" type="stmt"/>
          <line num="24" count="9" type="stmt"/>
          <line num="25" count="9" type="stmt"/>
          <line num="29" count="8" type="stmt"/>
        </file>
        <file name="exports.js" path="D:\Mine\github\js-practice\src\algorithms\sorting\__test__\exports.js">
          <metrics statements="3" coveredstatements="3" conditionals="0" coveredconditionals="0" methods="1" coveredmethods="1"/>
          <line num="3" count="1" type="stmt"/>
          <line num="5" count="1" type="stmt"/>
          <line num="6" count="10" type="stmt"/>
        </file>
      </package>
      <package name="data-structure.linked-list">
        <metrics statements="25" coveredstatements="24" conditionals="7" coveredconditionals="5" methods="8" coveredmethods="8"/>
        <file name="LinkedList.js" path="D:\Mine\github\js-practice\src\data-structure\linked-list\LinkedList.js">
          <metrics statements="22" coveredstatements="21" conditionals="4" coveredconditionals="3" methods="6" coveredmethods="6"/>
          <line num="4" count="1" type="stmt"/>
          <line num="5" count="1" type="stmt"/>
          <line num="9" count="1" type="stmt"/>
          <line num="10" count="1" type="stmt"/>
          <line num="13" count="1" type="cond" truecount="1" falsecount="1"/>
          <line num="14" count="0" type="stmt"/>
          <line num="17" count="1" type="stmt"/>
          <line num="21" count="3" type="stmt"/>
          <line num="22" count="3" type="cond" truecount="2" falsecount="0"/>
          <line num="23" count="1" type="stmt"/>
          <line num="24" count="1" type="stmt"/>
          <line num="25" count="1" type="stmt"/>
          <line num="27" count="2" type="stmt"/>
          <line num="28" count="2" type="stmt"/>
          <line num="29" count="2" type="stmt"/>
          <line num="33" count="1" type="stmt"/>
          <line num="35" count="1" type="stmt"/>
          <line num="36" count="1" type="stmt"/>
          <line num="37" count="4" type="stmt"/>
          <line num="38" count="4" type="stmt"/>
          <line num="41" count="1" type="stmt"/>
          <line num="45" count="4" type="stmt"/>
        </file>
        <file name="LinkedListNode.js" path="D:\Mine\github\js-practice\src\data-structure\linked-list\LinkedListNode.js">
          <metrics statements="3" coveredstatements="3" conditionals="3" coveredconditionals="2" methods="2" coveredmethods="2"/>
          <line num="3" count="4" type="stmt"/>
          <line num="4" count="4" type="stmt"/>
          <line num="8" count="4" type="cond" truecount="1" falsecount="1"/>
        </file>
      </package>
    </metrics>
  </project>
</coverage>
