{"D:\\Mine\\github\\js-practice\\src\\algorithms\\sorting\\bubbleSort.js": {"path":"D:\\Mine\\github\\js-practice\\src\\algorithms\\sorting\\bubbleSort.js","statementMap":{"0":{"start":{"line":2,"column":4},"end":{"line":2,"column":38}},"1":{"start":{"line":6,"column":4},"end":{"line":12,"column":5}},"2":{"start":{"line":7,"column":8},"end":{"line":11,"column":9}},"3":{"start":{"line":8,"column":12},"end":{"line":10,"column":13}},"4":{"start":{"line":9,"column":16},"end":{"line":9,"column":31}},"5":{"start":{"line":13,"column":4},"end":{"line":13,"column":15}}},"fnMap":{"0":{"name":"swap","decl":{"start":{"line":1,"column":9},"end":{"line":1,"column":13}},"loc":{"start":{"line":1,"column":22},"end":{"line":3,"column":1}},"line":1},"1":{"name":"bubbleSort","decl":{"start":{"line":5,"column":24},"end":{"line":5,"column":34}},"loc":{"start":{"line":5,"column":39},"end":{"line":14,"column":1}},"line":5}},"branchMap":{"0":{"loc":{"start":{"line":8,"column":12},"end":{"line":10,"column":13}},"type":"if","locations":[{"start":{"line":8,"column":12},"end":{"line":10,"column":13}},{"start":{"line":8,"column":12},"end":{"line":10,"column":13}}],"line":8}},"s":{"0":292,"1":10,"2":10095,"3":49995807,"4":292,"5":10},"f":{"0":292,"1":10},"b":{"0":[292,49995515]},"_coverageSchema":"332fd63041d2c1bcb487cc26dd0d5f7d97098a6c","hash":"941b7a22615d91a4e0c40c6170620723ea1d740d"}
,"D:\\Mine\\github\\js-practice\\src\\algorithms\\sorting\\countingSort.js": {"path":"D:\\Mine\\github\\js-practice\\src\\algorithms\\sorting\\countingSort.js","statementMap":{"0":{"start":{"line":3,"column":4},"end":{"line":3,"column":36}},"1":{"start":{"line":3,"column":25},"end":{"line":3,"column":36}},"2":{"start":{"line":4,"column":14},"end":{"line":4,"column":30}},"3":{"start":{"line":5,"column":19},"end":{"line":5,"column":45}},"4":{"start":{"line":6,"column":4},"end":{"line":8,"column":5}},"5":{"start":{"line":7,"column":8},"end":{"line":7,"column":27}},"6":{"start":{"line":10,"column":4},"end":{"line":13,"column":5}},"7":{"start":{"line":11,"column":8},"end":{"line":11,"column":29}},"8":{"start":{"line":11,"column":20},"end":{"line":11,"column":29}},"9":{"start":{"line":12,"column":8},"end":{"line":12,"column":51}},"10":{"start":{"line":15,"column":17},"end":{"line":15,"column":38}},"11":{"start":{"line":16,"column":4},"end":{"line":20,"column":5}},"12":{"start":{"line":17,"column":8},"end":{"line":17,"column":45}},"13":{"start":{"line":18,"column":8},"end":{"line":18,"column":27}},"14":{"start":{"line":21,"column":4},"end":{"line":21,"column":17}}},"fnMap":{"0":{"name":"countingSort","decl":{"start":{"line":1,"column":24},"end":{"line":1,"column":36}},"loc":{"start":{"line":1,"column":42},"end":{"line":22,"column":1}},"line":1}},"branchMap":{"0":{"loc":{"start":{"line":3,"column":4},"end":{"line":3,"column":36}},"type":"if","locations":[{"start":{"line":3,"column":4},"end":{"line":3,"column":36}},{"start":{"line":3,"column":4},"end":{"line":3,"column":36}}],"line":3},"1":{"loc":{"start":{"line":11,"column":8},"end":{"line":11,"column":29}},"type":"if","locations":[{"start":{"line":11,"column":8},"end":{"line":11,"column":29}},{"start":{"line":11,"column":8},"end":{"line":11,"column":29}}],"line":11}},"s":{"0":10,"1":1,"2":9,"3":9,"4":9,"5":10095,"6":9,"7":10078,"8":9,"9":10069,"10":9,"11":9,"12":10095,"13":10095,"14":9},"f":{"0":10},"b":{"0":[1,9],"1":[9,10069]},"_coverageSchema":"332fd63041d2c1bcb487cc26dd0d5f7d97098a6c","hash":"3d495171d7abc99d82dc8dd485e6d7b97019f4d5"}
,"D:\\Mine\\github\\js-practice\\src\\algorithms\\sorting\\heapSort.js": {"path":"D:\\Mine\\github\\js-practice\\src\\algorithms\\sorting\\heapSort.js","statementMap":{"0":{"start":{"line":2,"column":15},"end":{"line":2,"column":25}},"1":{"start":{"line":3,"column":16},"end":{"line":3,"column":29}},"2":{"start":{"line":4,"column":4},"end":{"line":15,"column":5}},"3":{"start":{"line":6,"column":8},"end":{"line":8,"column":9}},"4":{"start":{"line":7,"column":12},"end":{"line":7,"column":19}},"5":{"start":{"line":10,"column":8},"end":{"line":10,"column":38}},"6":{"start":{"line":10,"column":32},"end":{"line":10,"column":38}},"7":{"start":{"line":12,"column":8},"end":{"line":12,"column":32}},"8":{"start":{"line":13,"column":8},"end":{"line":13,"column":22}},"9":{"start":{"line":14,"column":8},"end":{"line":14,"column":30}},"10":{"start":{"line":16,"column":4},"end":{"line":16,"column":22}},"11":{"start":{"line":20,"column":4},"end":{"line":22,"column":5}},"12":{"start":{"line":21,"column":8},"end":{"line":21,"column":34}},"13":{"start":{"line":26,"column":4},"end":{"line":26,"column":18}},"14":{"start":{"line":27,"column":4},"end":{"line":30,"column":5}},"15":{"start":{"line":28,"column":8},"end":{"line":28,"column":44}},"16":{"start":{"line":29,"column":8},"end":{"line":29,"column":25}},"17":{"start":{"line":31,"column":4},"end":{"line":31,"column":14}}},"fnMap":{"0":{"name":"adjust","decl":{"start":{"line":1,"column":9},"end":{"line":1,"column":15}},"loc":{"start":{"line":1,"column":36},"end":{"line":17,"column":1}},"line":1},"1":{"name":"buildHeap","decl":{"start":{"line":19,"column":9},"end":{"line":19,"column":18}},"loc":{"start":{"line":19,"column":24},"end":{"line":23,"column":1}},"line":19},"2":{"name":"heapSort","decl":{"start":{"line":25,"column":24},"end":{"line":25,"column":32}},"loc":{"start":{"line":25,"column":38},"end":{"line":32,"column":1}},"line":25}},"branchMap":{"0":{"loc":{"start":{"line":6,"column":8},"end":{"line":8,"column":9}},"type":"if","locations":[{"start":{"line":6,"column":8},"end":{"line":8,"column":9}},{"start":{"line":6,"column":8},"end":{"line":8,"column":9}}],"line":6},"1":{"loc":{"start":{"line":6,"column":12},"end":{"line":6,"column":61}},"type":"binary-expr","locations":[{"start":{"line":6,"column":12},"end":{"line":6,"column":30}},{"start":{"line":6,"column":34},"end":{"line":6,"column":61}}],"line":6},"2":{"loc":{"start":{"line":10,"column":8},"end":{"line":10,"column":38}},"type":"if","locations":[{"start":{"line":10,"column":8},"end":{"line":10,"column":38}},{"start":{"line":10,"column":8},"end":{"line":10,"column":38}}],"line":10}},"s":{"0":15133,"1":15133,"2":15133,"3":122484,"4":59447,"5":122484,"6":1133,"7":121351,"8":121351,"9":121351,"10":15133,"11":10,"12":5047,"13":10,"14":10,"15":10086,"16":10086,"17":10},"f":{"0":15133,"1":10,"2":10},"b":{"0":[59447,63037],"1":[122484,122387],"2":[1133,121351]},"_coverageSchema":"332fd63041d2c1bcb487cc26dd0d5f7d97098a6c","hash":"c477fce7743c4a345b611a81de4f6b7cde381df7"}
,"D:\\Mine\\github\\js-practice\\src\\algorithms\\sorting\\insertionSort.js": {"path":"D:\\Mine\\github\\js-practice\\src\\algorithms\\sorting\\insertionSort.js","statementMap":{"0":{"start":{"line":2,"column":4},"end":{"line":2,"column":40}},"1":{"start":{"line":6,"column":4},"end":{"line":11,"column":5}},"2":{"start":{"line":7,"column":18},"end":{"line":7,"column":24}},"3":{"start":{"line":8,"column":8},"end":{"line":10,"column":9}},"4":{"start":{"line":9,"column":12},"end":{"line":9,"column":31}},"5":{"start":{"line":12,"column":4},"end":{"line":12,"column":14}}},"fnMap":{"0":{"name":"swap","decl":{"start":{"line":1,"column":9},"end":{"line":1,"column":13}},"loc":{"start":{"line":1,"column":25},"end":{"line":3,"column":1}},"line":1},"1":{"name":"insertionSort","decl":{"start":{"line":5,"column":24},"end":{"line":5,"column":37}},"loc":{"start":{"line":5,"column":43},"end":{"line":13,"column":1}},"line":5}},"branchMap":{"0":{"loc":{"start":{"line":8,"column":28},"end":{"line":8,"column":50}},"type":"binary-expr","locations":[{"start":{"line":8,"column":28},"end":{"line":8,"column":34}},{"start":{"line":8,"column":38},"end":{"line":8,"column":50}}],"line":8}},"s":{"0":25294210,"1":11,"2":20095,"3":20095,"4":25294210,"5":11},"f":{"0":25294210,"1":11},"b":{"0":[25314305,25314285]},"_coverageSchema":"332fd63041d2c1bcb487cc26dd0d5f7d97098a6c","hash":"e09fe050826db7d5e104be00d9593a367b430367"}
,"D:\\Mine\\github\\js-practice\\src\\algorithms\\sorting\\mergeSort.js": {"path":"D:\\Mine\\github\\js-practice\\src\\algorithms\\sorting\\mergeSort.js","statementMap":{"0":{"start":{"line":2,"column":14},"end":{"line":2,"column":16}},"1":{"start":{"line":3,"column":4},"end":{"line":9,"column":5}},"2":{"start":{"line":4,"column":8},"end":{"line":8,"column":9}},"3":{"start":{"line":5,"column":12},"end":{"line":5,"column":35}},"4":{"start":{"line":7,"column":12},"end":{"line":7,"column":36}},"5":{"start":{"line":10,"column":4},"end":{"line":10,"column":34}},"6":{"start":{"line":14,"column":4},"end":{"line":15,"column":19}},"7":{"start":{"line":15,"column":8},"end":{"line":15,"column":19}},"8":{"start":{"line":16,"column":14},"end":{"line":16,"column":38}},"9":{"start":{"line":17,"column":15},"end":{"line":17,"column":32}},"10":{"start":{"line":18,"column":16},"end":{"line":18,"column":30}},"11":{"start":{"line":19,"column":4},"end":{"line":19,"column":51}}},"fnMap":{"0":{"name":"merge","decl":{"start":{"line":1,"column":9},"end":{"line":1,"column":14}},"loc":{"start":{"line":1,"column":28},"end":{"line":11,"column":1}},"line":1},"1":{"name":"mergeSort","decl":{"start":{"line":13,"column":24},"end":{"line":13,"column":33}},"loc":{"start":{"line":13,"column":39},"end":{"line":20,"column":1}},"line":13}},"branchMap":{"0":{"loc":{"start":{"line":3,"column":11},"end":{"line":3,"column":38}},"type":"binary-expr","locations":[{"start":{"line":3,"column":11},"end":{"line":3,"column":22}},{"start":{"line":3,"column":26},"end":{"line":3,"column":38}}],"line":3},"1":{"loc":{"start":{"line":4,"column":8},"end":{"line":8,"column":9}},"type":"if","locations":[{"start":{"line":4,"column":8},"end":{"line":8,"column":9}},{"start":{"line":4,"column":8},"end":{"line":8,"column":9}}],"line":4},"2":{"loc":{"start":{"line":14,"column":4},"end":{"line":15,"column":19}},"type":"if","locations":[{"start":{"line":14,"column":4},"end":{"line":15,"column":19}},{"start":{"line":14,"column":4},"end":{"line":15,"column":19}}],"line":14}},"s":{"0":10086,"1":10086,"2":64793,"3":64779,"4":14,"5":10086,"6":20182,"7":10096,"8":10086,"9":10086,"10":10086,"11":10086},"f":{"0":10086,"1":20182},"b":{"0":[74879,64798],"1":[64779,14],"2":[10096,10086]},"_coverageSchema":"332fd63041d2c1bcb487cc26dd0d5f7d97098a6c","hash":"ec35f6270eabde5e603948dafddd638b42f48c41"}
,"D:\\Mine\\github\\js-practice\\src\\algorithms\\sorting\\quickSort.js": {"path":"D:\\Mine\\github\\js-practice\\src\\algorithms\\sorting\\quickSort.js","statementMap":{"0":{"start":{"line":2,"column":10},"end":{"line":2,"column":14}},"1":{"start":{"line":3,"column":10},"end":{"line":3,"column":15}},"2":{"start":{"line":4,"column":14},"end":{"line":4,"column":23}},"3":{"start":{"line":5,"column":2},"end":{"line":16,"column":3}},"4":{"start":{"line":7,"column":4},"end":{"line":9,"column":5}},"5":{"start":{"line":8,"column":6},"end":{"line":8,"column":9}},"6":{"start":{"line":10,"column":4},"end":{"line":10,"column":30}},"7":{"start":{"line":10,"column":15},"end":{"line":10,"column":30}},"8":{"start":{"line":12,"column":4},"end":{"line":14,"column":5}},"9":{"start":{"line":13,"column":6},"end":{"line":13,"column":9}},"10":{"start":{"line":15,"column":4},"end":{"line":15,"column":30}},"11":{"start":{"line":15,"column":15},"end":{"line":15,"column":30}},"12":{"start":{"line":17,"column":2},"end":{"line":17,"column":16}},"13":{"start":{"line":18,"column":2},"end":{"line":18,"column":10}},"14":{"start":{"line":23,"column":2},"end":{"line":27,"column":3}},"15":{"start":{"line":24,"column":12},"end":{"line":24,"column":39}},"16":{"start":{"line":25,"column":4},"end":{"line":25,"column":28}},"17":{"start":{"line":26,"column":4},"end":{"line":26,"column":29}},"18":{"start":{"line":31,"column":2},"end":{"line":31,"column":36}},"19":{"start":{"line":32,"column":2},"end":{"line":32,"column":13}}},"fnMap":{"0":{"name":"partition","decl":{"start":{"line":1,"column":9},"end":{"line":1,"column":18}},"loc":{"start":{"line":1,"column":37},"end":{"line":19,"column":1}},"line":1},"1":{"name":"_quickSort","decl":{"start":{"line":22,"column":9},"end":{"line":22,"column":19}},"loc":{"start":{"line":22,"column":38},"end":{"line":28,"column":1}},"line":22},"2":{"name":"quickSort","decl":{"start":{"line":30,"column":24},"end":{"line":30,"column":33}},"loc":{"start":{"line":30,"column":39},"end":{"line":33,"column":1}},"line":30}},"branchMap":{"0":{"loc":{"start":{"line":7,"column":11},"end":{"line":7,"column":35}},"type":"binary-expr","locations":[{"start":{"line":7,"column":11},"end":{"line":7,"column":16}},{"start":{"line":7,"column":20},"end":{"line":7,"column":35}}],"line":7},"1":{"loc":{"start":{"line":10,"column":4},"end":{"line":10,"column":30}},"type":"if","locations":[{"start":{"line":10,"column":4},"end":{"line":10,"column":30}},{"start":{"line":10,"column":4},"end":{"line":10,"column":30}}],"line":10},"2":{"loc":{"start":{"line":12,"column":11},"end":{"line":12,"column":35}},"type":"binary-expr","locations":[{"start":{"line":12,"column":11},"end":{"line":12,"column":16}},{"start":{"line":12,"column":20},"end":{"line":12,"column":35}}],"line":12},"3":{"loc":{"start":{"line":15,"column":4},"end":{"line":15,"column":30}},"type":"if","locations":[{"start":{"line":15,"column":4},"end":{"line":15,"column":30}},{"start":{"line":15,"column":4},"end":{"line":15,"column":30}}],"line":15},"4":{"loc":{"start":{"line":23,"column":2},"end":{"line":27,"column":3}},"type":"if","locations":[{"start":{"line":23,"column":2},"end":{"line":27,"column":3}},{"start":{"line":23,"column":2},"end":{"line":27,"column":3}}],"line":23}},"s":{"0":85,"1":85,"2":85,"3":85,"4":86,"5":773,"6":86,"7":6,"8":86,"9":12,"10":86,"11":1,"12":85,"13":85,"14":179,"15":85,"16":85,"17":85,"18":9,"19":9},"f":{"0":85,"1":179,"2":9},"b":{"0":[859,779],"1":[6,80],"2":[98,13],"3":[1,85],"4":[85,94]},"_coverageSchema":"332fd63041d2c1bcb487cc26dd0d5f7d97098a6c","hash":"c5b0f6816228ad26d0e7b85890f3be1e527b15de"}
,"D:\\Mine\\github\\js-practice\\src\\algorithms\\sorting\\radixSort.js": {"path":"D:\\Mine\\github\\js-practice\\src\\algorithms\\sorting\\radixSort.js","statementMap":{"0":{"start":{"line":2,"column":17},"end":{"line":2,"column":30}},"1":{"start":{"line":3,"column":4},"end":{"line":5,"column":5}},"2":{"start":{"line":4,"column":8},"end":{"line":4,"column":22}},"3":{"start":{"line":6,"column":4},"end":{"line":9,"column":5}},"4":{"start":{"line":7,"column":20},"end":{"line":7,"column":80}},"5":{"start":{"line":8,"column":8},"end":{"line":8,"column":34}},"6":{"start":{"line":10,"column":4},"end":{"line":10,"column":17}},"7":{"start":{"line":14,"column":4},"end":{"line":14,"column":47}},"8":{"start":{"line":14,"column":35},"end":{"line":14,"column":46}},"9":{"start":{"line":18,"column":19},"end":{"line":18,"column":20}},"10":{"start":{"line":19,"column":14},"end":{"line":19,"column":42}},"11":{"start":{"line":20,"column":4},"end":{"line":24,"column":5}},"12":{"start":{"line":21,"column":21},"end":{"line":21,"column":47}},"13":{"start":{"line":22,"column":8},"end":{"line":22,"column":35}},"14":{"start":{"line":23,"column":8},"end":{"line":23,"column":19}},"15":{"start":{"line":25,"column":4},"end":{"line":25,"column":15}}},"fnMap":{"0":{"name":"putInBucket","decl":{"start":{"line":1,"column":9},"end":{"line":1,"column":20}},"loc":{"start":{"line":1,"column":36},"end":{"line":11,"column":1}},"line":1},"1":{"name":"takeOutBucket","decl":{"start":{"line":13,"column":9},"end":{"line":13,"column":22}},"loc":{"start":{"line":13,"column":31},"end":{"line":15,"column":1}},"line":13},"2":{"name":"(anonymous_2)","decl":{"start":{"line":14,"column":25},"end":{"line":14,"column":26}},"loc":{"start":{"line":14,"column":35},"end":{"line":14,"column":46}},"line":14},"3":{"name":"radixSort","decl":{"start":{"line":17,"column":24},"end":{"line":17,"column":33}},"loc":{"start":{"line":17,"column":39},"end":{"line":26,"column":1}},"line":17}},"branchMap":{},"s":{"0":24,"1":24,"2":240,"3":24,"4":40155,"5":40155,"6":24,"7":24,"8":216,"9":10,"10":10,"11":10,"12":24,"13":24,"14":24,"15":10},"f":{"0":24,"1":24,"2":216,"3":10},"b":{},"_coverageSchema":"332fd63041d2c1bcb487cc26dd0d5f7d97098a6c","hash":"e43accf950ddfd3a0559ed1548d516579da45df7"}
,"D:\\Mine\\github\\js-practice\\src\\algorithms\\sorting\\selectionSort.js": {"path":"D:\\Mine\\github\\js-practice\\src\\algorithms\\sorting\\selectionSort.js","statementMap":{"0":{"start":{"line":2,"column":12},"end":{"line":2,"column":13}},"1":{"start":{"line":3,"column":4},"end":{"line":12,"column":5}},"2":{"start":{"line":4,"column":23},"end":{"line":4,"column":24}},"3":{"start":{"line":5,"column":8},"end":{"line":9,"column":9}},"4":{"start":{"line":6,"column":12},"end":{"line":8,"column":13}},"5":{"start":{"line":7,"column":16},"end":{"line":7,"column":28}},"6":{"start":{"line":10,"column":8},"end":{"line":10,"column":55}},"7":{"start":{"line":11,"column":8},"end":{"line":11,"column":12}},"8":{"start":{"line":13,"column":4},"end":{"line":13,"column":14}}},"fnMap":{"0":{"name":"selectionSort","decl":{"start":{"line":1,"column":24},"end":{"line":1,"column":37}},"loc":{"start":{"line":1,"column":43},"end":{"line":14,"column":1}},"line":1}},"branchMap":{"0":{"loc":{"start":{"line":6,"column":12},"end":{"line":8,"column":13}},"type":"if","locations":[{"start":{"line":6,"column":12},"end":{"line":8,"column":13}},{"start":{"line":6,"column":12},"end":{"line":8,"column":13}}],"line":6}},"s":{"0":10,"1":10,"2":10095,"3":10095,"4":50005902,"5":11,"6":10095,"7":10095,"8":10},"f":{"0":10},"b":{"0":[11,50005891]},"_coverageSchema":"332fd63041d2c1bcb487cc26dd0d5f7d97098a6c","hash":"8ca85959ba2f2a09e83b1c40fef5372cc827360d"}
,"D:\\Mine\\github\\js-practice\\src\\algorithms\\sorting\\shellSort.js": {"path":"D:\\Mine\\github\\js-practice\\src\\algorithms\\sorting\\shellSort.js","statementMap":{"0":{"start":{"line":2,"column":4},"end":{"line":2,"column":40}},"1":{"start":{"line":6,"column":4},"end":{"line":7,"column":18}},"2":{"start":{"line":7,"column":8},"end":{"line":7,"column":18}},"3":{"start":{"line":8,"column":12},"end":{"line":8,"column":22}},"4":{"start":{"line":9,"column":14},"end":{"line":9,"column":15}},"5":{"start":{"line":10,"column":4},"end":{"line":12,"column":5}},"6":{"start":{"line":11,"column":8},"end":{"line":11,"column":26}},"7":{"start":{"line":13,"column":4},"end":{"line":20,"column":5}},"8":{"start":{"line":14,"column":8},"end":{"line":18,"column":9}},"9":{"start":{"line":15,"column":12},"end":{"line":17,"column":13}},"10":{"start":{"line":16,"column":16},"end":{"line":16,"column":38}},"11":{"start":{"line":19,"column":8},"end":{"line":19,"column":27}},"12":{"start":{"line":21,"column":4},"end":{"line":21,"column":15}}},"fnMap":{"0":{"name":"swap","decl":{"start":{"line":1,"column":9},"end":{"line":1,"column":13}},"loc":{"start":{"line":1,"column":25},"end":{"line":3,"column":1}},"line":1},"1":{"name":"shellSort","decl":{"start":{"line":5,"column":24},"end":{"line":5,"column":33}},"loc":{"start":{"line":5,"column":39},"end":{"line":23,"column":1}},"line":5}},"branchMap":{"0":{"loc":{"start":{"line":6,"column":4},"end":{"line":7,"column":18}},"type":"if","locations":[{"start":{"line":6,"column":4},"end":{"line":7,"column":18}},{"start":{"line":6,"column":4},"end":{"line":7,"column":18}}],"line":6},"1":{"loc":{"start":{"line":15,"column":28},"end":{"line":15,"column":61}},"type":"binary-expr","locations":[{"start":{"line":15,"column":28},"end":{"line":15,"column":36}},{"start":{"line":15,"column":40},"end":{"line":15,"column":61}}],"line":15}},"s":{"0":7,"1":10,"2":2,"3":8,"4":8,"5":8,"6":17,"7":8,"8":25,"9":75428,"10":7,"11":25,"12":8},"f":{"0":7,"1":10},"b":{"0":[2,8],"1":[75435,75432]},"_coverageSchema":"332fd63041d2c1bcb487cc26dd0d5f7d97098a6c","hash":"ad890888ff4a383c8841c9bf64dc8017bdb8431d"}
,"D:\\Mine\\github\\js-practice\\src\\algorithms\\sorting\\__test__\\SortTester.js": {"path":"D:\\Mine\\github\\js-practice\\src\\algorithms\\sorting\\__test__\\SortTester.js","statementMap":{"0":{"start":{"line":2,"column":18},"end":{"line":2,"column":89}},"1":{"start":{"line":3,"column":19},"end":{"line":3,"column":90}},"2":{"start":{"line":4,"column":21},"end":{"line":4,"column":92}},"3":{"start":{"line":5,"column":17},"end":{"line":5,"column":77}},"4":{"start":{"line":7,"column":12},"end":{"line":7,"column":17}},"5":{"start":{"line":8,"column":14},"end":{"line":8,"column":28}},"6":{"start":{"line":9,"column":0},"end":{"line":11,"column":1}},"7":{"start":{"line":10,"column":4},"end":{"line":10,"column":48}},"8":{"start":{"line":12,"column":22},"end":{"line":12,"column":44}},"9":{"start":{"line":17,"column":8},"end":{"line":17,"column":41}},"10":{"start":{"line":18,"column":8},"end":{"line":18,"column":43}},"11":{"start":{"line":19,"column":8},"end":{"line":19,"column":49}},"12":{"start":{"line":20,"column":8},"end":{"line":20,"column":49}},"13":{"start":{"line":21,"column":8},"end":{"line":21,"column":97}},"14":{"start":{"line":22,"column":8},"end":{"line":22,"column":55}},"15":{"start":{"line":23,"column":8},"end":{"line":23,"column":56}},"16":{"start":{"line":24,"column":8},"end":{"line":24,"column":58}},"17":{"start":{"line":25,"column":8},"end":{"line":25,"column":53}},"18":{"start":{"line":29,"column":8},"end":{"line":29,"column":57}}},"fnMap":{"0":{"name":"(anonymous_0)","decl":{"start":{"line":15,"column":4},"end":{"line":15,"column":5}},"loc":{"start":{"line":15,"column":30},"end":{"line":26,"column":5}},"line":15},"1":{"name":"(anonymous_1)","decl":{"start":{"line":28,"column":4},"end":{"line":28,"column":5}},"loc":{"start":{"line":28,"column":34},"end":{"line":30,"column":5}},"line":28}},"branchMap":{},"s":{"0":1,"1":1,"2":1,"3":1,"4":1,"5":1,"6":1,"7":10000,"8":1,"9":9,"10":9,"11":9,"12":9,"13":9,"14":9,"15":9,"16":9,"17":9,"18":8},"f":{"0":9,"1":8},"b":{},"_coverageSchema":"332fd63041d2c1bcb487cc26dd0d5f7d97098a6c","hash":"a67c2c7a5f3cbdc4d2ab429d590258852d08abf7"}
,"D:\\Mine\\github\\js-practice\\src\\algorithms\\sorting\\__test__\\exports.js": {"path":"D:\\Mine\\github\\js-practice\\src\\algorithms\\sorting\\__test__\\exports.js","statementMap":{"0":{"start":{"line":3,"column":12},"end":{"line":3,"column":39}},"1":{"start":{"line":5,"column":17},"end":{"line":7,"column":2}},"2":{"start":{"line":6,"column":4},"end":{"line":6,"column":37}}},"fnMap":{"0":{"name":"(anonymous_0)","decl":{"start":{"line":5,"column":44},"end":{"line":5,"column":45}},"loc":{"start":{"line":5,"column":55},"end":{"line":7,"column":1}},"line":5}},"branchMap":{},"s":{"0":1,"1":1,"2":10},"f":{"0":10},"b":{},"_coverageSchema":"332fd63041d2c1bcb487cc26dd0d5f7d97098a6c","hash":"51d13e63baeaaca38399825bb393664d65d6fb89"}
,"D:\\Mine\\github\\js-practice\\src\\data-structure\\linked-list\\LinkedList.js": {"path":"D:\\Mine\\github\\js-practice\\src\\data-structure\\linked-list\\LinkedList.js","statementMap":{"0":{"start":{"line":4,"column":8},"end":{"line":4,"column":25}},"1":{"start":{"line":5,"column":8},"end":{"line":5,"column":25}},"2":{"start":{"line":9,"column":24},"end":{"line":9,"column":60}},"3":{"start":{"line":10,"column":8},"end":{"line":10,"column":28}},"4":{"start":{"line":13,"column":8},"end":{"line":15,"column":9}},"5":{"start":{"line":14,"column":12},"end":{"line":14,"column":32}},"6":{"start":{"line":17,"column":8},"end":{"line":17,"column":20}},"7":{"start":{"line":21,"column":24},"end":{"line":21,"column":49}},"8":{"start":{"line":22,"column":8},"end":{"line":26,"column":9}},"9":{"start":{"line":23,"column":12},"end":{"line":23,"column":32}},"10":{"start":{"line":24,"column":12},"end":{"line":24,"column":32}},"11":{"start":{"line":25,"column":12},"end":{"line":25,"column":24}},"12":{"start":{"line":27,"column":8},"end":{"line":27,"column":33}},"13":{"start":{"line":28,"column":8},"end":{"line":28,"column":28}},"14":{"start":{"line":29,"column":8},"end":{"line":29,"column":20}},"15":{"start":{"line":33,"column":8},"end":{"line":35,"column":9}},"16":{"start":{"line":34,"column":10},"end":{"line":34,"column":22}},"17":{"start":{"line":37,"column":26},"end":{"line":37,"column":30}},"18":{"start":{"line":41,"column":8},"end":{"line":44,"column":9}},"19":{"start":{"line":42,"column":10},"end":{"line":42,"column":34}},"20":{"start":{"line":43,"column":10},"end":{"line":43,"column":37}},"21":{"start":{"line":46,"column":26},"end":{"line":46,"column":35}},"22":{"start":{"line":48,"column":8},"end":{"line":58,"column":9}},"23":{"start":{"line":50,"column":10},"end":{"line":57,"column":11}},"24":{"start":{"line":51,"column":12},"end":{"line":56,"column":13}},"25":{"start":{"line":52,"column":14},"end":{"line":52,"column":45}},"26":{"start":{"line":53,"column":14},"end":{"line":53,"column":55}},"27":{"start":{"line":55,"column":14},"end":{"line":55,"column":45}},"28":{"start":{"line":61,"column":8},"end":{"line":63,"column":11}},"29":{"start":{"line":62,"column":12},"end":{"line":62,"column":36}},"30":{"start":{"line":65,"column":10},"end":{"line":65,"column":29}},"31":{"start":{"line":69,"column":6},"end":{"line":71,"column":7}},"32":{"start":{"line":70,"column":8},"end":{"line":70,"column":20}},"33":{"start":{"line":73,"column":24},"end":{"line":73,"column":33}},"34":{"start":{"line":75,"column":6},"end":{"line":87,"column":7}},"35":{"start":{"line":77,"column":8},"end":{"line":79,"column":9}},"36":{"start":{"line":78,"column":10},"end":{"line":78,"column":29}},"37":{"start":{"line":82,"column":8},"end":{"line":84,"column":9}},"38":{"start":{"line":83,"column":10},"end":{"line":83,"column":29}},"39":{"start":{"line":86,"column":8},"end":{"line":86,"column":39}},"40":{"start":{"line":89,"column":6},"end":{"line":89,"column":18}},"41":{"start":{"line":94,"column":20},"end":{"line":94,"column":22}},"42":{"start":{"line":96,"column":24},"end":{"line":96,"column":33}},"43":{"start":{"line":97,"column":6},"end":{"line":100,"column":7}},"44":{"start":{"line":98,"column":8},"end":{"line":98,"column":32}},"45":{"start":{"line":99,"column":8},"end":{"line":99,"column":39}},"46":{"start":{"line":102,"column":6},"end":{"line":102,"column":19}},"47":{"start":{"line":106,"column":6},"end":{"line":106,"column":76}},"48":{"start":{"line":106,"column":40},"end":{"line":106,"column":63}}},"fnMap":{"0":{"name":"(anonymous_0)","decl":{"start":{"line":3,"column":4},"end":{"line":3,"column":5}},"loc":{"start":{"line":3,"column":18},"end":{"line":6,"column":5}},"line":3},"1":{"name":"(anonymous_1)","decl":{"start":{"line":8,"column":4},"end":{"line":8,"column":5}},"loc":{"start":{"line":8,"column":19},"end":{"line":18,"column":5}},"line":8},"2":{"name":"(anonymous_2)","decl":{"start":{"line":20,"column":4},"end":{"line":20,"column":5}},"loc":{"start":{"line":20,"column":18},"end":{"line":30,"column":5}},"line":20},"3":{"name":"(anonymous_3)","decl":{"start":{"line":32,"column":4},"end":{"line":32,"column":5}},"loc":{"start":{"line":32,"column":18},"end":{"line":66,"column":5}},"line":32},"4":{"name":"(anonymous_4)","decl":{"start":{"line":68,"column":4},"end":{"line":68,"column":5}},"loc":{"start":{"line":68,"column":54},"end":{"line":90,"column":5}},"line":68},"5":{"name":"(anonymous_5)","decl":{"start":{"line":93,"column":4},"end":{"line":93,"column":5}},"loc":{"start":{"line":93,"column":14},"end":{"line":103,"column":5}},"line":93},"6":{"name":"(anonymous_6)","decl":{"start":{"line":105,"column":4},"end":{"line":105,"column":5}},"loc":{"start":{"line":105,"column":23},"end":{"line":107,"column":5}},"line":105},"7":{"name":"(anonymous_7)","decl":{"start":{"line":106,"column":32},"end":{"line":106,"column":33}},"loc":{"start":{"line":106,"column":40},"end":{"line":106,"column":63}},"line":106}},"branchMap":{"0":{"loc":{"start":{"line":13,"column":8},"end":{"line":15,"column":9}},"type":"if","locations":[{"start":{"line":13,"column":8},"end":{"line":15,"column":9}},{"start":{"line":13,"column":8},"end":{"line":15,"column":9}}],"line":13},"1":{"loc":{"start":{"line":22,"column":8},"end":{"line":26,"column":9}},"type":"if","locations":[{"start":{"line":22,"column":8},"end":{"line":26,"column":9}},{"start":{"line":22,"column":8},"end":{"line":26,"column":9}}],"line":22},"2":{"loc":{"start":{"line":33,"column":8},"end":{"line":35,"column":9}},"type":"if","locations":[{"start":{"line":33,"column":8},"end":{"line":35,"column":9}},{"start":{"line":33,"column":8},"end":{"line":35,"column":9}}],"line":33},"3":{"loc":{"start":{"line":41,"column":15},"end":{"line":41,"column":52}},"type":"binary-expr","locations":[{"start":{"line":41,"column":15},"end":{"line":41,"column":24}},{"start":{"line":41,"column":28},"end":{"line":41,"column":52}}],"line":41},"4":{"loc":{"start":{"line":48,"column":8},"end":{"line":58,"column":9}},"type":"if","locations":[{"start":{"line":48,"column":8},"end":{"line":58,"column":9}},{"start":{"line":48,"column":8},"end":{"line":58,"column":9}}],"line":48},"5":{"loc":{"start":{"line":51,"column":12},"end":{"line":56,"column":13}},"type":"if","locations":[{"start":{"line":51,"column":12},"end":{"line":56,"column":13}},{"start":{"line":51,"column":12},"end":{"line":56,"column":13}}],"line":51},"6":{"loc":{"start":{"line":61,"column":8},"end":{"line":63,"column":11}},"type":"if","locations":[{"start":{"line":61,"column":8},"end":{"line":63,"column":11}},{"start":{"line":61,"column":8},"end":{"line":63,"column":11}}],"line":61},"7":{"loc":{"start":{"line":68,"column":11},"end":{"line":68,"column":28}},"type":"default-arg","locations":[{"start":{"line":68,"column":19},"end":{"line":68,"column":28}}],"line":68},"8":{"loc":{"start":{"line":68,"column":30},"end":{"line":68,"column":50}},"type":"default-arg","locations":[{"start":{"line":68,"column":41},"end":{"line":68,"column":50}}],"line":68},"9":{"loc":{"start":{"line":69,"column":6},"end":{"line":71,"column":7}},"type":"if","locations":[{"start":{"line":69,"column":6},"end":{"line":71,"column":7}},{"start":{"line":69,"column":6},"end":{"line":71,"column":7}}],"line":69},"10":{"loc":{"start":{"line":77,"column":8},"end":{"line":79,"column":9}},"type":"if","locations":[{"start":{"line":77,"column":8},"end":{"line":79,"column":9}},{"start":{"line":77,"column":8},"end":{"line":79,"column":9}}],"line":77},"11":{"loc":{"start":{"line":77,"column":12},"end":{"line":77,"column":51}},"type":"binary-expr","locations":[{"start":{"line":77,"column":12},"end":{"line":77,"column":20}},{"start":{"line":77,"column":24},"end":{"line":77,"column":51}}],"line":77},"12":{"loc":{"start":{"line":82,"column":8},"end":{"line":84,"column":9}},"type":"if","locations":[{"start":{"line":82,"column":8},"end":{"line":84,"column":9}},{"start":{"line":82,"column":8},"end":{"line":84,"column":9}}],"line":82},"13":{"loc":{"start":{"line":82,"column":12},"end":{"line":82,"column":61}},"type":"binary-expr","locations":[{"start":{"line":82,"column":12},"end":{"line":82,"column":31}},{"start":{"line":82,"column":35},"end":{"line":82,"column":61}}],"line":82}},"s":{"0":3,"1":3,"2":1,"3":1,"4":1,"5":0,"6":1,"7":14,"8":14,"9":3,"10":3,"11":3,"12":11,"13":11,"14":11,"15":7,"16":1,"17":6,"18":6,"19":3,"20":3,"21":6,"22":6,"23":5,"24":16,"25":5,"26":5,"27":11,"28":6,"29":3,"30":6,"31":2,"32":0,"33":2,"34":2,"35":5,"36":1,"37":4,"38":0,"39":4,"40":1,"41":7,"42":7,"43":7,"44":20,"45":20,"46":7,"47":7,"48":20},"f":{"0":3,"1":1,"2":14,"3":7,"4":2,"5":7,"6":7,"7":20},"b":{"0":[0,1],"1":[3,11],"2":[1,6],"3":[9,8],"4":[5,1],"5":[5,11],"6":[3,3],"7":[2],"8":[0],"9":[0,2],"10":[1,4],"11":[5,5],"12":[0,4],"13":[4,0]},"_coverageSchema":"332fd63041d2c1bcb487cc26dd0d5f7d97098a6c","hash":"1c581f73c63253ef4deabbb50f3eb3347778c34f"}
,"D:\\Mine\\github\\js-practice\\src\\data-structure\\linked-list\\LinkedListNode.js": {"path":"D:\\Mine\\github\\js-practice\\src\\data-structure\\linked-list\\LinkedListNode.js","statementMap":{"0":{"start":{"line":3,"column":8},"end":{"line":3,"column":27}},"1":{"start":{"line":4,"column":8},"end":{"line":4,"column":25}},"2":{"start":{"line":8,"column":6},"end":{"line":8,"column":63}}},"fnMap":{"0":{"name":"(anonymous_0)","decl":{"start":{"line":2,"column":4},"end":{"line":2,"column":5}},"loc":{"start":{"line":2,"column":34},"end":{"line":5,"column":5}},"line":2},"1":{"name":"(anonymous_1)","decl":{"start":{"line":7,"column":4},"end":{"line":7,"column":5}},"loc":{"start":{"line":7,"column":23},"end":{"line":9,"column":5}},"line":7}},"branchMap":{"0":{"loc":{"start":{"line":2,"column":22},"end":{"line":2,"column":33}},"type":"default-arg","locations":[{"start":{"line":2,"column":29},"end":{"line":2,"column":33}}],"line":2},"1":{"loc":{"start":{"line":8,"column":13},"end":{"line":8,"column":62}},"type":"cond-expr","locations":[{"start":{"line":8,"column":24},"end":{"line":8,"column":44}},{"start":{"line":8,"column":47},"end":{"line":8,"column":62}}],"line":8}},"s":{"0":15,"1":15,"2":28},"f":{"0":15,"1":28},"b":{"0":[14],"1":[0,28]},"_coverageSchema":"332fd63041d2c1bcb487cc26dd0d5f7d97098a6c","hash":"b1b1ec77e172c564d6fb76db12fc009ad9801882"}
}
