TN:
SF:D:\Mine\github\js-practice\src\algorithms\sorting\bubbleSort.js
FN:1,swap
FN:5,bubbleSort
FNF:2
FNH:2
FNDA:292,swap
FNDA:10,bubbleSort
DA:2,292
DA:6,10
DA:7,10095
DA:8,49995807
DA:9,292
DA:13,10
LF:6
LH:6
BRDA:8,0,0,292
BRDA:8,0,1,49995515
BRF:2
BRH:2
end_of_record
TN:
SF:D:\Mine\github\js-practice\src\algorithms\sorting\countingSort.js
FN:1,countingSort
FNF:1
FNH:1
FNDA:10,countingSort
DA:3,10
DA:4,9
DA:5,9
DA:6,9
DA:7,10095
DA:10,9
DA:11,10078
DA:12,10069
DA:15,9
DA:16,9
DA:17,10095
DA:18,10095
DA:21,9
LF:13
LH:13
BRDA:3,0,0,1
BRDA:3,0,1,9
BRDA:11,1,0,9
BRDA:11,1,1,10069
BRF:4
BRH:4
end_of_record
TN:
SF:D:\Mine\github\js-practice\src\algorithms\sorting\heapSort.js
FN:1,adjust
FN:19,buildHeap
FN:25,heapSort
FNF:3
FNH:3
FNDA:15133,adjust
FNDA:10,buildHeap
FNDA:10,heapSort
DA:2,15133
DA:3,15133
DA:4,15133
DA:6,122484
DA:7,59447
DA:10,122484
DA:12,121351
DA:13,121351
DA:14,121351
DA:16,15133
DA:20,10
DA:21,5047
DA:26,10
DA:27,10
DA:28,10086
DA:29,10086
DA:31,10
LF:17
LH:17
BRDA:6,0,0,59447
BRDA:6,0,1,63037
BRDA:6,1,0,122484
BRDA:6,1,1,122387
BRDA:10,2,0,1133
BRDA:10,2,1,121351
BRF:6
BRH:6
end_of_record
TN:
SF:D:\Mine\github\js-practice\src\algorithms\sorting\insertionSort.js
FN:1,swap
FN:5,insertionSort
FNF:2
FNH:2
FNDA:25294210,swap
FNDA:11,insertionSort
DA:2,25294210
DA:6,11
DA:7,20095
DA:8,20095
DA:9,25294210
DA:12,11
LF:6
LH:6
BRDA:8,0,0,25314305
BRDA:8,0,1,25314285
BRF:2
BRH:2
end_of_record
TN:
SF:D:\Mine\github\js-practice\src\algorithms\sorting\mergeSort.js
FN:1,merge
FN:13,mergeSort
FNF:2
FNH:2
FNDA:10086,merge
FNDA:20182,mergeSort
DA:2,10086
DA:3,10086
DA:4,64793
DA:5,64779
DA:7,14
DA:10,10086
DA:14,20182
DA:15,10096
DA:16,10086
DA:17,10086
DA:18,10086
DA:19,10086
LF:12
LH:12
BRDA:3,0,0,74879
BRDA:3,0,1,64798
BRDA:4,1,0,64779
BRDA:4,1,1,14
BRDA:14,2,0,10096
BRDA:14,2,1,10086
BRF:6
BRH:6
end_of_record
TN:
SF:D:\Mine\github\js-practice\src\algorithms\sorting\quickSort.js
FN:1,partition
FN:22,_quickSort
FN:30,quickSort
FNF:3
FNH:3
FNDA:85,partition
FNDA:179,_quickSort
FNDA:9,quickSort
DA:2,85
DA:3,85
DA:4,85
DA:5,85
DA:7,86
DA:8,773
DA:10,86
DA:12,86
DA:13,12
DA:15,86
DA:17,85
DA:18,85
DA:23,179
DA:24,85
DA:25,85
DA:26,85
DA:31,9
DA:32,9
LF:18
LH:18
BRDA:7,0,0,859
BRDA:7,0,1,779
BRDA:10,1,0,6
BRDA:10,1,1,80
BRDA:12,2,0,98
BRDA:12,2,1,13
BRDA:15,3,0,1
BRDA:15,3,1,85
BRDA:23,4,0,85
BRDA:23,4,1,94
BRF:10
BRH:10
end_of_record
TN:
SF:D:\Mine\github\js-practice\src\algorithms\sorting\radixSort.js
FN:1,putInBucket
FN:13,takeOutBucket
FN:14,(anonymous_2)
FN:17,radixSort
FNF:4
FNH:4
FNDA:24,putInBucket
FNDA:24,takeOutBucket
FNDA:216,(anonymous_2)
FNDA:10,radixSort
DA:2,24
DA:3,24
DA:4,240
DA:6,24
DA:7,40155
DA:8,40155
DA:10,24
DA:14,216
DA:18,10
DA:19,10
DA:20,10
DA:21,24
DA:22,24
DA:23,24
DA:25,10
LF:15
LH:15
BRF:0
BRH:0
end_of_record
TN:
SF:D:\Mine\github\js-practice\src\algorithms\sorting\selectionSort.js
FN:1,selectionSort
FNF:1
FNH:1
FNDA:10,selectionSort
DA:2,10
DA:3,10
DA:4,10095
DA:5,10095
DA:6,50005902
DA:7,11
DA:10,10095
DA:11,10095
DA:13,10
LF:9
LH:9
BRDA:6,0,0,11
BRDA:6,0,1,50005891
BRF:2
BRH:2
end_of_record
TN:
SF:D:\Mine\github\js-practice\src\algorithms\sorting\shellSort.js
FN:1,swap
FN:5,shellSort
FNF:2
FNH:2
FNDA:7,swap
FNDA:10,shellSort
DA:2,7
DA:6,10
DA:7,2
DA:8,8
DA:9,8
DA:10,8
DA:11,17
DA:13,8
DA:14,25
DA:15,75428
DA:16,7
DA:19,25
DA:21,8
LF:13
LH:13
BRDA:6,0,0,2
BRDA:6,0,1,8
BRDA:15,1,0,75435
BRDA:15,1,1,75432
BRF:4
BRH:4
end_of_record
TN:
SF:D:\Mine\github\js-practice\src\algorithms\sorting\__test__\SortTester.js
FN:15,(anonymous_0)
FN:28,(anonymous_1)
FNF:2
FNH:2
FNDA:9,(anonymous_0)
FNDA:8,(anonymous_1)
DA:2,1
DA:3,1
DA:4,1
DA:5,1
DA:7,1
DA:8,1
DA:9,1
DA:10,10000
DA:12,1
DA:17,9
DA:18,9
DA:19,9
DA:20,9
DA:21,9
DA:22,9
DA:23,9
DA:24,9
DA:25,9
DA:29,8
LF:19
LH:19
BRF:0
BRH:0
end_of_record
TN:
SF:D:\Mine\github\js-practice\src\algorithms\sorting\__test__\exports.js
FN:5,(anonymous_0)
FNF:1
FNH:1
FNDA:10,(anonymous_0)
DA:3,1
DA:5,1
DA:6,10
LF:3
LH:3
BRF:0
BRH:0
end_of_record
TN:
SF:D:\Mine\github\js-practice\src\data-structure\linked-list\LinkedList.js
FN:3,(anonymous_0)
FN:8,(anonymous_1)
FN:20,(anonymous_2)
FN:32,(anonymous_3)
FN:68,(anonymous_4)
FN:93,(anonymous_5)
FN:105,(anonymous_6)
FN:106,(anonymous_7)
FNF:8
FNH:8
FNDA:3,(anonymous_0)
FNDA:1,(anonymous_1)
FNDA:14,(anonymous_2)
FNDA:7,(anonymous_3)
FNDA:2,(anonymous_4)
FNDA:7,(anonymous_5)
FNDA:7,(anonymous_6)
FNDA:20,(anonymous_7)
DA:4,3
DA:5,3
DA:9,1
DA:10,1
DA:13,1
DA:14,0
DA:17,1
DA:21,14
DA:22,14
DA:23,3
DA:24,3
DA:25,3
DA:27,11
DA:28,11
DA:29,11
DA:33,7
DA:34,1
DA:37,6
DA:41,6
DA:42,3
DA:43,3
DA:46,6
DA:48,6
DA:50,5
DA:51,16
DA:52,5
DA:53,5
DA:55,11
DA:61,6
DA:62,3
DA:65,6
DA:69,2
DA:70,0
DA:73,2
DA:75,2
DA:77,5
DA:78,1
DA:82,4
DA:83,0
DA:86,4
DA:89,1
DA:94,7
DA:96,7
DA:97,7
DA:98,20
DA:99,20
DA:102,7
DA:106,20
LF:48
LH:45
BRDA:13,0,0,0
BRDA:13,0,1,1
BRDA:22,1,0,3
BRDA:22,1,1,11
BRDA:33,2,0,1
BRDA:33,2,1,6
BRDA:41,3,0,9
BRDA:41,3,1,8
BRDA:48,4,0,5
BRDA:48,4,1,1
BRDA:51,5,0,5
BRDA:51,5,1,11
BRDA:61,6,0,3
BRDA:61,6,1,3
BRDA:68,7,0,2
BRDA:68,8,0,0
BRDA:69,9,0,0
BRDA:69,9,1,2
BRDA:77,10,0,1
BRDA:77,10,1,4
BRDA:77,11,0,5
BRDA:77,11,1,5
BRDA:82,12,0,0
BRDA:82,12,1,4
BRDA:82,13,0,4
BRDA:82,13,1,0
BRF:26
BRH:21
end_of_record
TN:
SF:D:\Mine\github\js-practice\src\data-structure\linked-list\LinkedListNode.js
FN:2,(anonymous_0)
FN:7,(anonymous_1)
FNF:2
FNH:2
FNDA:15,(anonymous_0)
FNDA:28,(anonymous_1)
DA:3,15
DA:4,15
DA:8,28
LF:3
LH:3
BRDA:2,0,0,14
BRDA:8,1,0,0
BRDA:8,1,1,28
BRF:3
BRH:2
end_of_record
